Arguments: 
  C:\Program Files\nodejs\node.exe C:\Users\Sher Muhammad\AppData\Roaming\npm\node_modules\yarn\bin\yarn.js

PATH: 
  C:\Users\Sher Muhammad\bin;C:\Program Files\Git\mingw64\bin;C:\Program Files\Git\usr\local\bin;C:\Program Files\Git\usr\bin;C:\Program Files\Git\usr\bin;C:\Program Files\Git\mingw64\bin;C:\Program Files\Git\usr\bin;C:\Users\Sher Muhammad\bin;C:\WINDOWS\system32;C:\WINDOWS;C:\WINDOWS\System32\Wbem;C:\WINDOWS\System32\WindowsPowerShell\v1.0;C:\WINDOWS\System32\OpenSSH;C:\Program Files\Git\cmd;C:\Users\Sher Muhammad\AppData\Roaming\nvm;C:\Program Files\nodejs;D:\wamp64\bin\php\php7.4.33;D:\wamp64\bin\php\php8.1.13;D:\wamp64\bin\php\php8.0.26;D:\wamp64\bin\php\php8.2.0;C:\ProgramData\ComposerSetup\bin;C:\Program Files\PuTTY;C:\Program Files (x86)\GnuPG\bin;D:\wp-cli;C:\Users\Sher Muhammad\AppData\Local\Programs\Python\Python312\Scripts;C:\Users\Sher Muhammad\AppData\Local\Programs\Python\Python312;C:\Users\Sher Muhammad\AppData\Local\Microsoft\WindowsApps;C:\Program Files\JetBrains\PhpStorm 2023.2.2\bin;C:\Users\Sher Muhammad\AppData\Local\Programs\Microsoft VS Code\bin;C:\Users\Sher Muhammad\AppData\Roaming\npm;C:\Users\Sher Muhammad\AppData\Roaming\nvm;C:\Program Files\nodejs;C:\Users\Sher Muhammad\AppData\Roaming\Composer\vendor\bin;C:\Users\Sher Muhammad\AppData\Local\GitHubDesktop\bin;C:\Program Files\Git\usr\bin\vendor_perl;C:\Program Files\Git\usr\bin\core_perl

Yarn version: 
  1.22.19

Node version: 
  18.18.0

Platform: 
  win32 x64

Trace: 
  Error: https://registry.yarnpkg.com/eslint/-/eslint-8.52.0.tgz: ESOCKETTIMEDOUT
      at ClientRequest.<anonymous> (C:\Users\Sher Muhammad\AppData\Roaming\npm\node_modules\yarn\lib\cli.js:141517:19)
      at Object.onceWrapper (node:events:631:28)
      at ClientRequest.emit (node:events:517:28)
      at TLSSocket.emitRequestTimeout (node:_http_client:847:9)
      at Object.onceWrapper (node:events:631:28)
      at TLSSocket.emit (node:events:529:35)
      at Socket._onTimeout (node:net:598:8)
      at listOnTimeout (node:internal/timers:569:17)
      at process.processTimers (node:internal/timers:512:7)

npm manifest: 
  {
  	"private": true,
  	"devDependencies": {
  		"@_tw/themejson": "^0.1.2",
  		"@angular-eslint/template-parser": "^16.1.0",
  		"@tailwindcss/aspect-ratio": "^0.4.2",
  		"@tailwindcss/container-queries": "^0.1.1",
  		"@tailwindcss/forms": "^0.5.4",
  		"@tailwindcss/typography": "^0.5.9",
  		"@wordpress/prettier-config": "^2.22.0",
  		"adm-zip": "^0.5.10",
  		"archiver": "^5.3.1",
  		"cross-env": "^7.0.3",
  		"esbuild": "^0.19.2",
  		"eslint": "^8.47.0",
  		"eslint-config-prettier": "^9.0.0",
  		"eslint-plugin-php-markup": "^6.0.0",
  		"eslint-plugin-tailwindcss": "^3.13.0",
  		"npm-run-all": "^4.1.5",
  		"postcss": "^8.4.28",
  		"postcss-import-ext-glob": "^2.1.1",
  		"prettier": "^3.0.2",
  		"prettier-plugin-tailwindcss": "^0.5.3",
  		"tailwindcss": "^3.3.3"
  	},
  	"scripts": {
  		"development:tailwind:frontend": "npx tailwindcss --postcss -i ./tailwind/tailwind.css -c ./tailwind/tailwind.config.js -o ./theme/style.css",
  		"development:tailwind:editor": "cross-env _TW_TARGET=editor npx tailwindcss --postcss -i ./tailwind/tailwind.css -c ./tailwind/tailwind.config.js -o ./theme/style-editor.css",
  		"development:esbuild": "npx esbuild ./javascript/script.js ./javascript/block-editor.js ./javascript/tailwind-typography-classes.js --target=esnext --bundle --outdir=./theme/js --out-extension:.js=.min.js",
  		"development": "run-p development:**",
  		"dev": "npm run development",
  		"watch:tailwind:frontend": "npm run development:tailwind:frontend -- --watch",
  		"watch:tailwind:editor": "npm run development:tailwind:editor -- --watch",
  		"watch:esbuild": "npm run development:esbuild -- --watch",
  		"watch": "run-p watch:**",
  		"lint:eslint": "npx eslint theme/",
  		"lint:prettier": "npx prettier --check .",
  		"lint": "run-p lint:*",
  		"lint-fix:eslint": "npx eslint theme/ --fix",
  		"lint-fix:prettier": "npx prettier --write .",
  		"lint-fix": "run-p lint-fix:*",
  		"production:tailwind:frontend": "cross-env NODE_ENV=production npm run development:tailwind:frontend -- --minify",
  		"production:tailwind:editor": "cross-env NODE_ENV=production npm run development:tailwind:editor -- --minify",
  		"production:esbuild": "npm run development:esbuild -- --minify",
  		"production": "run-p production:**",
  		"prod": "npm run production",
  		"zip": "node node_scripts/zip.js tft",
  		"bundle": "run-s production zip"
  	},
  	"prettier": "@wordpress/prettier-config"
  }

yarn manifest: 
  No manifest

Lockfile: 
  No lockfile
